Command line:
   Win_Man_isim_beh.exe
     -simmode  gui
     -simrunnum  0
     -socket  50283

Thu Apr 27 11:40:40 2017


 Elaboration Time: 0.15625 sec

 Current Memory Usage: 841.994 Meg

 Total Signals          : 14
 Total Nets             : 47
 Total Signal Drivers   : 8
 Total Blocks           : 4
 Total Primitive Blocks : 4
 Total Processes        : 5
 Total Traceable Variables  : 10
 Total Scalar Nets and Variables : 425
Total Line Count : 24

 Total Simulation Time: 0.1875 sec

 Current Memory Usage: 841.994 Meg

Thu Apr 27 11:40:56 2017

